
/home/runner/work/exp-circular-plate-iitb/exp-circular-plate-iitb/experiment/simulation/common_libraries/js/ts_components/collapse_step.js
   1:10  warning  'show_step' is defined but never used                 no-unused-vars
   2:5   warning  '$' is not defined                                    no-undef
   3:9   warning  '$' is not defined                                    no-undef
   6:10  warning  'hide_step' is defined but never used                 no-unused-vars
   7:5   warning  '$' is not defined                                    no-undef
   8:9   warning  '$' is not defined                                    no-undef
  11:10  warning  'get_collapse_btn_text' is defined but never used     no-unused-vars
  20:10  warning  'get_collapse_btn_element' is defined but never used  no-unused-vars
  29:10  warning  'hide_all_steps' is defined but never used            no-unused-vars
  31:9   warning  '$' is not defined                                    no-undef

/home/runner/work/exp-circular-plate-iitb/exp-circular-plate-iitb/experiment/simulation/common_libraries/js/ts_components/matrix.js
   27:26  warning  'MathJax' is not defined                                no-undef
   32:7   warning  'Matrix_Without_String' is defined but never used       no-unused-vars
   52:26  warning  'MathJax' is not defined                                no-undef
   56:10  warning  'get_matrix_html' is defined but never used             no-unused-vars
   87:13  warning  'row_html' is assigned a value but never used           no-unused-vars
   99:10  warning  'get_matrix_html_with_title' is defined but never used  no-unused-vars
  131:13  warning  'row_html' is assigned a value but never used           no-unused-vars
  143:10  warning  'convert_2d_to_1d_vector' is defined but never used     no-unused-vars
  156:10  warning  'convert_1d_to_2d_matrix' is defined but never used     no-unused-vars

/home/runner/work/exp-circular-plate-iitb/exp-circular-plate-iitb/experiment/simulation/common_libraries/js/ts_components/pannel.js
  8:7  warning  'Pannel' is defined but never used  no-unused-vars

/home/runner/work/exp-circular-plate-iitb/exp-circular-plate-iitb/experiment/simulation/common_libraries/js/ts_components/questions.js
   6:17  warning  'op1' is assigned a value but never used      no-unused-vars
   7:17  warning  'op2' is assigned a value but never used      no-unused-vars
   8:17  warning  'op3' is assigned a value but never used      no-unused-vars
   9:17  warning  'op4' is assigned a value but never used      no-unused-vars
  94:7   warning  'Question_Options' is defined but never used  no-unused-vars

/home/runner/work/exp-circular-plate-iitb/exp-circular-plate-iitb/experiment/simulation/common_libraries/js/ts_components/tables.js
   19:22  warning  'verify_values' is not defined                                     no-undef
  137:22  warning  'verify_values' is not defined                                     no-undef
  260:7   warning  'Verify_Rows_Cols_6_decimal_places' is defined but never used      no-unused-vars
  311:22  warning  'verify_values' is not defined                                     no-undef
  416:7   warning  'Verify_Rows_Cols_Custom_Fixed_Update1' is defined but never used  no-unused-vars
  468:7   warning  'Show_Table_Custom_Fixed' is defined but never used                no-unused-vars
  506:7   warning  'Verify_Rows_Cols_Strings' is defined but never used               no-unused-vars
  527:22  warning  'verify_values' is not defined                                     no-undef
  663:7   warning  'Display_Table' is defined but never used                          no-unused-vars

/home/runner/work/exp-circular-plate-iitb/exp-circular-plate-iitb/experiment/simulation/common_libraries/js/ts_math_library/general_math_functions.js
    1:10  warning  'verify_values' is defined but never used                   no-unused-vars
   17:10  warning  'random1' is defined but never used                         no-unused-vars
   21:10  warning  'std_deviation' is defined but never used                   no-unused-vars
   26:10  warning  'gauss' is defined but never used                           no-unused-vars
   56:10  warning  'hide_panel' is defined but never used                      no-unused-vars
   63:10  warning  'inverse_matrix' is defined but never used                  no-unused-vars
   96:10  warning  'matrix_multiplication' is defined but never used           no-unused-vars
  113:10  warning  'transpose_matrix' is defined but never used                no-unused-vars
  123:10  warning  'matrix_multiplication_8decimal' is defined but never used  no-unused-vars
  140:10  warning  'adjoint_2x2_matrix' is defined but never used              no-unused-vars
  145:10  warning  'find_deteminant' is defined but never used                 no-unused-vars
  174:10  warning  'get_Submatrix' is defined but never used                   no-unused-vars

/home/runner/work/exp-circular-plate-iitb/exp-circular-plate-iitb/experiment/simulation/common_libraries/js/ts_math_library/regression.js
   1:10  warning  'regression_linear' is defined but never used            no-unused-vars
  18:10  warning  'regression_linear_1variable' is defined but never used  no-unused-vars
  27:10  warning  'regression_linear_2variable' is defined but never used  no-unused-vars
  52:11  warning  'gauss' is not defined                                   no-undef

/home/runner/work/exp-circular-plate-iitb/exp-circular-plate-iitb/experiment/simulation/common_libraries/math.ob.js
  1:745  warning  'b' is already defined  no-redeclare

/home/runner/work/exp-circular-plate-iitb/exp-circular-plate-iitb/experiment/simulation/js/activity1.js
   18:24  warning  'MathJax' is not defined                      no-undef
   21:10  warning  'start_act1' is defined but never used        no-unused-vars
   27:20  warning  'get_collapse_btn_text' is not defined        no-undef
   33:80  warning  'd' is not defined                            no-undef
   62:5   warning  'hide_all_steps' is not defined               no-undef
   63:5   warning  'show_step' is not defined                    no-undef
   64:24  warning  'MathJax' is not defined                      no-undef
   68:5   warning  'd' is not defined                            no-undef
   69:24  warning  'd' is not defined                            no-undef
   70:5   warning  'h_bar' is not defined                        no-undef
   70:13  warning  'd' is not defined                            no-undef
   71:28  warning  'h_bar' is not defined                        no-undef
   74:5   warning  'f' is not defined                            no-undef
   74:10  warning  'rho' is not defined                          no-undef
   74:16  warning  'gravity' is not defined                      no-undef
   74:54  warning  'd' is not defined                            no-undef
   74:64  warning  'h_bar' is not defined                        no-undef
   75:30  warning  'f' is not defined                            no-undef
   76:5   warning  'ig' is not defined                           no-undef
   76:31  warning  'd' is not defined                            no-undef
   77:25  warning  'ig' is not defined                           no-undef
   78:5   warning  'h_star' is not defined                       no-undef
   78:15  warning  'ig' is not defined                           no-undef
   78:45  warning  'd' is not defined                            no-undef
   78:54  warning  'h_bar' is not defined                        no-undef
   78:63  warning  'h_bar' is not defined                        no-undef
   79:29  warning  'h_star' is not defined                       no-undef
   81:10  warning  'act1_verify_hbar' is defined but never used  no-unused-vars
   85:35  warning  'h_bar' is not defined                        no-undef
   86:10  warning  'verify_values' is not defined                no-undef
   86:91  warning  'h_bar' is not defined                        no-undef
   91:41  warning  'h_bar' is not defined                        no-undef
   99:10  warning  'verify_tpf' is defined but never used        no-unused-vars
  103:35  warning  'f' is not defined                            no-undef
  104:10  warning  'verify_values' is not defined                no-undef
  104:90  warning  'f' is not defined                            no-undef
  109:35  warning  'f' is not defined                            no-undef
  117:10  warning  'verify_ig' is defined but never used         no-unused-vars
  121:29  warning  'ig' is not defined                           no-undef
  122:10  warning  'verify_values' is not defined                no-undef
  122:84  warning  'ig' is not defined                           no-undef
  127:35  warning  'ig' is not defined                           no-undef
  135:10  warning  'verify_cp' is defined but never used         no-unused-vars
  139:29  warning  'h_star' is not defined                       no-undef
  140:10  warning  'verify_values' is not defined                no-undef
  140:84  warning  'h_star' is not defined                       no-undef
  145:35  warning  'h_star' is not defined                       no-undef
  150:5   warning  'start_act2' is not defined                   no-undef

/home/runner/work/exp-circular-plate-iitb/exp-circular-plate-iitb/experiment/simulation/js/activity2.js
    1:10  warning  'start_act2' is defined but never used       no-unused-vars
    7:20  warning  'get_collapse_btn_text' is not defined       no-undef
   13:80  warning  'd' is not defined                           no-undef
   44:5   warning  'maindiv' is not defined                     no-undef
   45:5   warning  'hide_all_steps' is not defined              no-undef
   46:5   warning  'show_step' is not defined                   no-undef
   47:24  warning  'MathJax' is not defined                     no-undef
   50:24  warning  'd' is not defined                           no-undef
   51:5   warning  'act2_h_bar' is not defined                  no-undef
   52:33  warning  'act2_h_bar' is not defined                  no-undef
   55:5   warning  'act2_f' is not defined                      no-undef
   55:15  warning  'rho' is not defined                         no-undef
   55:21  warning  'gravity' is not defined                     no-undef
   55:58  warning  'd' is not defined                           no-undef
   55:67  warning  'act2_h_bar' is not defined                  no-undef
   56:35  warning  'act2_f' is not defined                      no-undef
   57:5   warning  'act2_ig' is not defined                     no-undef
   57:36  warning  'd' is not defined                           no-undef
   58:30  warning  'act2_ig' is not defined                     no-undef
   59:5   warning  'act2_h_star' is not defined                 no-undef
   59:20  warning  'act2_ig' is not defined                     no-undef
   59:55  warning  'd' is not defined                           no-undef
   59:64  warning  'act2_h_bar' is not defined                  no-undef
   59:78  warning  'act2_h_bar' is not defined                  no-undef
   60:34  warning  'act2_h_star' is not defined                 no-undef
   62:10  warning  'verify_hbar' is defined but never used      no-unused-vars
   66:29  warning  'act2_h_bar' is not defined                  no-undef
   67:10  warning  'verify_values' is not defined               no-undef
   67:86  warning  'act2_h_bar' is not defined                  no-undef
   72:35  warning  'act2_h_bar' is not defined                  no-undef
   80:10  warning  'act2_verify_tpf' is defined but never used  no-unused-vars
   84:35  warning  'act2_f' is not defined                      no-undef
   85:10  warning  'verify_values' is not defined               no-undef
   85:90  warning  'act2_f' is not defined                      no-undef
   90:35  warning  'act2_f' is not defined                      no-undef
   98:10  warning  'act2_verify_ig' is defined but never used   no-unused-vars
  102:29  warning  'act2_ig' is not defined                     no-undef
  103:10  warning  'verify_values' is not defined               no-undef
  103:89  warning  'act2_ig' is not defined                     no-undef
  108:35  warning  'act2_ig' is not defined                     no-undef
  116:10  warning  'act2_verify_cp' is defined but never used   no-unused-vars
  120:29  warning  'act2_h_star' is not defined                 no-undef
  121:10  warning  'verify_values' is not defined               no-undef
  121:89  warning  'act2_h_star' is not defined                 no-undef
  126:35  warning  'act2_h_star' is not defined                 no-undef

/home/runner/work/exp-circular-plate-iitb/exp-circular-plate-iitb/experiment/simulation/js/data.js
   1:5  warning  'd' is defined but never used                     no-unused-vars
   2:5  warning  'h_star' is defined but never used                no-unused-vars
   3:5  warning  'h_bar' is defined but never used                 no-unused-vars
   4:5  warning  'f' is assigned a value but never used            no-unused-vars
   5:5  warning  'gravity' is assigned a value but never used      no-unused-vars
   6:5  warning  'rho' is assigned a value but never used          no-unused-vars
   7:5  warning  'ig' is assigned a value but never used           no-unused-vars
   8:5  warning  'act2_h_bar' is defined but never used            no-unused-vars
   9:5  warning  'act2_f' is assigned a value but never used       no-unused-vars
  10:5  warning  'act2_ig' is assigned a value but never used      no-unused-vars
  11:5  warning  'act2_h_star' is assigned a value but never used  no-unused-vars

✖ 155 problems (0 errors, 155 warnings)

